mode: set
github.com/folieadrien/grounds/execcode/client.go:21.68,23.16 2 1
github.com/folieadrien/grounds/execcode/client.go:26.2,29.8 1 1
github.com/folieadrien/grounds/execcode/client.go:23.16,25.3 1 1
github.com/folieadrien/grounds/execcode/client.go:32.65,33.20 1 1
github.com/folieadrien/grounds/execcode/client.go:36.2,40.16 4 1
github.com/folieadrien/grounds/execcode/client.go:43.2,43.26 1 1
github.com/folieadrien/grounds/execcode/client.go:33.20,35.3 1 1
github.com/folieadrien/grounds/execcode/client.go:40.16,42.3 1 1
github.com/folieadrien/grounds/execcode/client.go:46.98,50.15 3 1
github.com/folieadrien/grounds/execcode/client.go:55.2,56.12 2 1
github.com/folieadrien/grounds/execcode/client.go:59.2,61.66 2 1
github.com/folieadrien/grounds/execcode/client.go:64.2,65.16 2 1
github.com/folieadrien/grounds/execcode/client.go:68.2,68.31 1 1
github.com/folieadrien/grounds/execcode/client.go:71.2,71.20 1 1
github.com/folieadrien/grounds/execcode/client.go:50.15,53.3 2 1
github.com/folieadrien/grounds/execcode/client.go:56.12,58.3 1 1
github.com/folieadrien/grounds/execcode/client.go:61.66,63.3 1 1
github.com/folieadrien/grounds/execcode/client.go:65.16,67.3 1 1
github.com/folieadrien/grounds/execcode/client.go:68.31,70.3 1 1
github.com/folieadrien/grounds/execcode/client.go:74.50,77.2 2 1
github.com/folieadrien/grounds/execcode/client.go:79.54,82.2 2 1
github.com/folieadrien/grounds/execcode/client.go:84.89,97.2 3 1
github.com/folieadrien/grounds/execcode/client.go:99.88,109.2 2 1
github.com/folieadrien/grounds/execcode/client.go:111.60,117.2 2 1
